lambda=0.5
0th loop, 2.9552223682403564sec
2000th loop, 636.7774500846863sec
4000th loop, 1224.3313128948212sec
6000th loop, 1768.6807579994202sec
8000th loop, 2251.871776342392sec
10000th loop, 2691.7648351192474sec
12000th loop, 3083.2846307754517sec
14000th loop, 3422.7173113822937sec
16000th loop, 3712.513764858246sec
18000th loop, 3954.6011261940002sec
20000th loop, 4140.752733707428sec
22000th loop, 4272.371492385864sec
24000th loop, 4348.175660848618sec
26000th loop, 4381.450638055801sec
0th loop, 0.6437981128692627sec
2000th loop, 664.5032467842102sec
4000th loop, 1336.942896604538sec
6000th loop, 2011.084584236145sec
Confusion Matrix:
[[3287    0]
 [3362    0]]
              precision    recall  f1-score   support

           0       0.49      1.00      0.66      3287
           1       0.00      0.00      0.00      3362

    accuracy                           0.49      6649
   macro avg       0.25      0.50      0.33      6649
weighted avg       0.24      0.49      0.33      6649

acc: 0.4943600541434802
error rate: 0.5056399458565197
time: 6641.841601133347sec
