0th loop, 0.0025255680084228516sec
2000th loop, 592.8492648601532sec
4000th loop, 1139.2220573425293sec
6000th loop, 1634.1203005313873sec
8000th loop, 2078.185607433319sec
10000th loop, 2482.16973733902sec
12000th loop, 2839.3418560028076sec
14000th loop, 3148.3110251426697sec
16000th loop, 3411.697009086609sec
18000th loop, 3627.300657749176sec
20000th loop, 3794.487898349762sec
22000th loop, 3907.4750237464905sec
24000th loop, 3974.0543234348297sec
26000th loop, 4002.85803937912sec
0th loop, 0.0006272792816162109sec
2000th loop, 626.3257038593292sec
4000th loop, 1253.987996339798sec
6000th loop, 1882.2446918487549sec
Confusion Matrix:
[[2877  410]
 [ 601 2761]]
              precision    recall  f1-score   support

           0       0.83      0.88      0.85      3287
           1       0.87      0.82      0.85      3362

    accuracy                           0.85      6649
   macro avg       0.85      0.85      0.85      6649
weighted avg       0.85      0.85      0.85      6649

acc: 0.8479470597082268
error rate: 0.1520529402917732
time: 6128.099264621735sec
