lambda=0.5
0th loop, 1.6355669498443604sec
2000th loop, 295.02187061309814sec
4000th loop, 564.7228667736053sec
6000th loop, 810.6484169960022sec
8000th loop, 1026.9566113948822sec
10000th loop, 1220.6702127456665sec
12000th loop, 1390.633858680725sec
14000th loop, 1536.0854947566986sec
16000th loop, 1657.8980405330658sec
18000th loop, 1757.1886024475098sec
20000th loop, 1835.1656000614166sec
22000th loop, 1893.0257556438446sec
24000th loop, 1929.8803186416626sec
26000th loop, 1946.4097933769226sec
0th loop, 0.3614931106567383sec
2000th loop, 307.6334013938904sec
4000th loop, 617.7484705448151sec
6000th loop, 929.1817717552185sec
Confusion Matrix:
[[3287    0]
 [3362    0]]
              precision    recall  f1-score   support

           0       0.49      1.00      0.66      3287
           1       0.00      0.00      0.00      3362

    accuracy                           0.49      6649
   macro avg       0.25      0.50      0.33      6649
weighted avg       0.24      0.49      0.33      6649

acc: 0.4943600541434802
error rate: 0.5056399458565197
time: 2999.4336800575256sec
