0th loop, 0.002283811569213867sec
2000th loop, 621.9718492031097sec
4000th loop, 1179.5209107398987sec
6000th loop, 1675.7553658485413sec
8000th loop, 2105.790747642517sec
10000th loop, 2498.3765845298767sec
12000th loop, 2835.4489929676056sec
14000th loop, 3119.105766057968sec
16000th loop, 3345.814599275589sec
18000th loop, 3515.3611838817596sec
20000th loop, 3621.5713958740234sec
22000th loop, 3672.889310836792sec
0th loop, 0.0006520748138427734sec
2000th loop, 647.7681374549866sec
4000th loop, 1301.4388206005096sec
Confusion Matrix:
[[2181  707]
 [1144 1748]]
              precision    recall  f1-score   support

           0       0.66      0.76      0.70      2888
           1       0.71      0.60      0.65      2892

    accuracy                           0.68      5780
   macro avg       0.68      0.68      0.68      5780
weighted avg       0.68      0.68      0.68      5780

acc: 0.6797577854671281
error rate: 0.32024221453287194
time: 5579.6307809352875sec
