lambda=0.5
0th loop, 1.7404961585998535sec
2000th loop, 420.2106087207794sec
4000th loop, 784.0565342903137sec
6000th loop, 1103.5404722690582sec
8000th loop, 1369.183569431305sec
10000th loop, 1584.140365600586sec
12000th loop, 1742.8509969711304sec
14000th loop, 1845.0684990882874sec
16000th loop, 1899.6419801712036sec
0th loop, 0.4053640365600586sec
2000th loop, 437.08808302879333sec
4000th loop, 871.4072234630585sec
Confusion Matrix:
[[3106  176]
 [ 313  816]]
              precision    recall  f1-score   support

           0       0.91      0.95      0.93      3282
           1       0.82      0.72      0.77      1129

    accuracy                           0.89      4411
   macro avg       0.87      0.83      0.85      4411
weighted avg       0.89      0.89      0.89      4411

acc: 0.8891407844026298
error rate: 0.11085921559737022
time: 2890.391229867935sec
