0th loop, 0.002737283706665039sec
2000th loop, 656.8664209842682sec
4000th loop, 1270.5598287582397sec
6000th loop, 1832.476574897766sec
8000th loop, 2339.2148547172546sec
10000th loop, 2795.4914951324463sec
12000th loop, 3193.9809062480927sec
14000th loop, 3544.166517972946sec
16000th loop, 3843.7441589832306sec
18000th loop, 4090.5100557804108sec
20000th loop, 4287.932333946228sec
22000th loop, 4431.784813642502sec
24000th loop, 4516.104035615921sec
26000th loop, 4551.182466983795sec
0th loop, 0.0004856586456298828sec
2000th loop, 699.3538403511047sec
4000th loop, 1390.339904308319sec
6000th loop, 2080.912724494934sec
Confusion Matrix:
[[3061  226]
 [ 585 2777]]
              precision    recall  f1-score   support

           0       0.84      0.93      0.88      3287
           1       0.92      0.83      0.87      3362

    accuracy                           0.88      6649
   macro avg       0.88      0.88      0.88      6649
weighted avg       0.88      0.88      0.88      6649

acc: 0.878026770942999
error rate: 0.12197322905700103
time: 6909.666761159897sec
