lambda=0.5
0th loop, 1.5554018020629883sec
2000th loop, 836.2551493644714sec
4000th loop, 1591.0726487636566sec
6000th loop, 2274.432535648346sec
8000th loop, 2880.8779299259186sec
10000th loop, 3412.618740797043sec
12000th loop, 3873.8537950515747sec
14000th loop, 4255.817214250565sec
16000th loop, 4563.941643238068sec
18000th loop, 4795.0860776901245sec
20000th loop, 4942.443788051605sec
22000th loop, 5009.348476409912sec
0th loop, 4.167959213256836sec
2000th loop, 870.5670869350433sec
4000th loop, 1743.9424452781677sec
Confusion Matrix:
[[2272  616]
 [2310  582]]
              precision    recall  f1-score   support

           0       0.50      0.79      0.61      2888
           1       0.49      0.20      0.28      2892

    accuracy                           0.49      5780
   macro avg       0.49      0.49      0.45      5780
weighted avg       0.49      0.49      0.45      5780

acc: 0.49377162629757787
error rate: 0.5062283737024221
time: 7566.695227384567sec
