lambda=0.5
0th loop, 1.050896406173706sec
2000th loop, 658.0995402336121sec
4000th loop, 1257.1554427146912sec
6000th loop, 1804.4751403331757sec
8000th loop, 2297.6837022304535sec
10000th loop, 2734.789302587509sec
12000th loop, 3121.4810016155243sec
14000th loop, 3452.145654439926sec
16000th loop, 3723.828572511673sec
18000th loop, 3939.860630273819sec
20000th loop, 4093.2434158325195sec
22000th loop, 4185.582366704941sec
24000th loop, 4229.232260465622sec
0th loop, 0.6067845821380615sec
2000th loop, 685.819188117981sec
4000th loop, 1364.8821108341217sec
6000th loop, 2048.7344675064087sec
Confusion Matrix:
[[1322  318]
 [ 353 4229]]
              precision    recall  f1-score   support

           0       0.79      0.81      0.80      1640
           1       0.93      0.92      0.93      4582

    accuracy                           0.89      6222
   macro avg       0.86      0.86      0.86      6222
weighted avg       0.89      0.89      0.89      6222

acc: 0.8921568627450981
error rate: 0.10784313725490191
time: 6381.568239212036sec
