lambda=0.5
0th loop, 1.7493007183074951sec
2000th loop, 386.75329971313477sec
4000th loop, 705.5797691345215sec
6000th loop, 962.6270921230316sec
8000th loop, 1152.4117255210876sec
10000th loop, 1265.3079807758331sec
12000th loop, 1317.6863267421722sec
0th loop, 0.3781893253326416sec
2000th loop, 413.84992599487305sec
Confusion Matrix:
[[  95 1543]
 [ 113 1489]]
              precision    recall  f1-score   support

           0       0.46      0.06      0.10      1638
           1       0.49      0.93      0.64      1602

    accuracy                           0.49      3240
   macro avg       0.47      0.49      0.37      3240
weighted avg       0.47      0.49      0.37      3240

acc: 0.4888888888888889
error rate: 0.5111111111111111
time: 2007.3858289718628sec
