lambda=0.5
0th loop, 4.013838768005371sec
2000th loop, 930.583667755127sec
4000th loop, 1806.6354911327362sec
6000th loop, 2634.027831554413sec
8000th loop, 3409.4320244789124sec
10000th loop, 4129.233083248138sec
12000th loop, 4797.837824106216sec
14000th loop, 5416.587342977524sec
16000th loop, 5982.3312067985535sec
18000th loop, 6495.415706157684sec
20000th loop, 6956.426092624664sec
22000th loop, 7365.081576347351sec
24000th loop, 7724.290379524231sec
26000th loop, 8030.825320005417sec
28000th loop, 8283.7399725914sec
30000th loop, 8480.214535951614sec
32000th loop, 8617.152660131454sec
34000th loop, 8700.617866754532sec
36000th loop, 8739.37560415268sec
0th loop, 0.8325583934783936sec
2000th loop, 948.6150047779083sec
4000th loop, 1900.9352674484253sec
6000th loop, 2850.2980337142944sec
8000th loop, 3795.49595785141sec
Confusion Matrix:
[[3021 1575]
 [3142 1466]]
              precision    recall  f1-score   support

           0       0.49      0.66      0.56      4596
           1       0.48      0.32      0.38      4608

    accuracy                           0.49      9204
   macro avg       0.49      0.49      0.47      9204
weighted avg       0.49      0.49      0.47      9204

acc: 0.48750543242068667
error rate: 0.5124945675793133
time: 13152.409556627274sec
