lambda=0.5
0th loop, 3.7331783771514893sec
2000th loop, 903.1889646053314sec
4000th loop, 1731.1214482784271sec
6000th loop, 2500.531325340271sec
8000th loop, 3209.2806510925293sec
10000th loop, 3856.36283826828sec
12000th loop, 4447.0299389362335sec
14000th loop, 4973.190791606903sec
16000th loop, 5438.937206029892sec
18000th loop, 5842.877679347992sec
20000th loop, 6185.725805521011sec
22000th loop, 6468.164412498474sec
24000th loop, 6685.53782248497sec
26000th loop, 6829.5560030937195sec
28000th loop, 6907.779570817947sec
0th loop, 0.8489336967468262sec
2000th loop, 921.6920375823975sec
4000th loop, 1848.4098534584045sec
6000th loop, 2776.924679994583sec
Confusion Matrix:
[[4084  511]
 [ 375 2522]]
              precision    recall  f1-score   support

           0       0.92      0.89      0.90      4595
           1       0.83      0.87      0.85      2897

    accuracy                           0.88      7492
   macro avg       0.87      0.88      0.88      7492
weighted avg       0.88      0.88      0.88      7492

acc: 0.8817405232247731
error rate: 0.11825947677522686
time: 10432.461463689804sec
