[16621, 22053]
vector dimension: 8

preprocess finished.

Epoch: 1,	Loss: 42062.79296875

Epoch: 50,	Loss: 29835.228515625

Epoch: 100,	Loss: 20446.59765625

Epoch: 150,	Loss: 14046.8212890625

Epoch: 200,	Loss: 9962.291015625

Epoch: 250,	Loss: 7489.681640625

Epoch: 300,	Loss: 6169.15478515625

Epoch: 350,	Loss: 5399.93359375

Epoch: 400,	Loss: 4916.6005859375

Epoch: 450,	Loss: 4602.5556640625

Epoch: 500,	Loss: 4397.71142578125

Epoch: 550,	Loss: 4254.9580078125

Epoch: 600,	Loss: 4124.95556640625

Epoch: 650,	Loss: 4009.72607421875

Epoch: 700,	Loss: 3916.823974609375

Epoch: 750,	Loss: 3839.0830078125

Epoch: 800,	Loss: 3775.8359375

Epoch: 850,	Loss: 3721.16259765625

Epoch: 900,	Loss: 3668.623779296875

Epoch: 950,	Loss: 3649.36181640625

Epoch: 1000,	Loss: 3611.955078125

weights: Parameter containing:
tensor([-2.0707, -2.3160, -2.0707, -2.2952, -1.5978, -1.5978,  0.3462, -1.5978],
       device='cuda:1', requires_grad=True)


Best Epoch: 1000,	Loss: 3611.955078125

train finished.
[[2361, 976], [827, 247]]
混同行列 M: [[2361, 976], [827, 247]]
	error rate: 0.41
	f1 score: 0.724


test finished.

time: 643.2293953895569 sec
