[5432, 10864]
vector dimension: 8

preprocess finished.

Epoch: 1,	Loss: 15290.203125

Epoch: 50,	Loss: 10209.951171875

Epoch: 100,	Loss: 6743.888671875

Epoch: 150,	Loss: 4837.4921875

Epoch: 200,	Loss: 3953.08544921875

Epoch: 250,	Loss: 3684.487548828125

Epoch: 300,	Loss: 3515.80224609375

Epoch: 350,	Loss: 3447.537841796875

Epoch: 400,	Loss: 3390.0625

Epoch: 450,	Loss: 3334.11083984375

Epoch: 500,	Loss: 3279.52734375

Epoch: 550,	Loss: 3243.1494140625

Epoch: 600,	Loss: 3237.93896484375

Epoch: 650,	Loss: 3236.519775390625

Epoch: 700,	Loss: 3234.0048828125

Epoch: 750,	Loss: 3238.177734375

Epoch: 800,	Loss: 3224.79833984375

Epoch: 850,	Loss: 3219.493896484375

Epoch: 900,	Loss: 3220.101318359375

Epoch: 950,	Loss: 3217.19580078125

Epoch: 1000,	Loss: 3215.90966796875

weights: Parameter containing:
tensor([-1.6231e-21, -1.1786e+00, -1.6231e-21, -1.2156e+00, -1.6231e-21,
         7.0860e-01, -1.1786e+00, -1.0331e+00], device='cuda:1',
       requires_grad=True)


Best Epoch: 1000,	Loss: 3215.90966796875

train finished.
[[387, 645], [415, 726]]
混同行列 M: [[387, 645], [415, 726]]
	error rate: 0.49
	f1 score: 0.422


test finished.

time: 628.6794369220734 sec
