[16621, 32212]
vector dimension: 8

preprocess finished.

Epoch: 1,	Loss: 5.000783920288086

Epoch: 50,	Loss: 5.00023078918457

Epoch: 100,	Loss: 5.000040531158447

Epoch: 150,	Loss: 5.000003814697266

Epoch: 200,	Loss: 5.0

Epoch: 250,	Loss: 5.0

Epoch: 300,	Loss: 5.0

Epoch: 350,	Loss: 5.0

Epoch: 400,	Loss: 5.0

Epoch: 450,	Loss: 5.0

Epoch: 500,	Loss: 5.0

Epoch: 550,	Loss: 5.0

Epoch: 600,	Loss: 5.0

Epoch: 650,	Loss: 5.0

Epoch: 700,	Loss: 5.0

Epoch: 750,	Loss: 5.0

Epoch: 800,	Loss: 5.0

Epoch: 850,	Loss: 5.0

Epoch: 900,	Loss: 5.0

Epoch: 950,	Loss: 5.0

Epoch: 1000,	Loss: 5.0

weights: Parameter containing:
tensor([-1.6232e-21, -1.6232e-21, -1.6232e-21, -1.6232e-21, -1.6232e-21,
        -1.6232e-21, -1.6232e-21, -1.6232e-21], device='cuda:0',
       requires_grad=True)


Best Epoch: 197,	Loss: 5.0

train finished.
	error rate: 0.45
	f1 score: 0.599


test finished.

time: 683.135803937912 sec
