[16621, 33242]
vector dimension: 8

preprocess finished.

Epoch: 1,	Loss: 51162.40625

Epoch: 50,	Loss: 36601.96484375

Epoch: 100,	Loss: 25351.84375

Epoch: 150,	Loss: 17685.720703125

Epoch: 200,	Loss: 12452.845703125

Epoch: 250,	Loss: 9202.990234375

Epoch: 300,	Loss: 7319.86181640625

Epoch: 350,	Loss: 6166.17578125

Epoch: 400,	Loss: 5456.73486328125

Epoch: 450,	Loss: 4990.060546875

Epoch: 500,	Loss: 4703.46044921875

Epoch: 550,	Loss: 4524.67138671875

Epoch: 600,	Loss: 4418.51318359375

Epoch: 650,	Loss: 4340.439453125

Epoch: 700,	Loss: 4266.791015625

Epoch: 750,	Loss: 4198.4736328125

Epoch: 800,	Loss: 4124.73974609375

Epoch: 850,	Loss: 4068.43212890625

Epoch: 900,	Loss: 4023.216064453125

Epoch: 950,	Loss: 3978.611083984375

Epoch: 1000,	Loss: 3939.35986328125

weights: Parameter containing:
tensor([-2.1448, -1.1106, -1.1106, -2.2754, -2.2029, -1.1106, -2.1448, -0.2242],
       device='cuda:0', requires_grad=True)


Best Epoch: 1000,	Loss: 3939.35986328125

train finished.
[[1458, 1537], [1919, 1735]]
混同行列 M: [[1458, 1537], [1919, 1735]]
	error rate: 0.52
	f1 score: 0.458


test finished.

time: 828.2994720935822 sec
