[16621, 33242]
vector dimension: 8

preprocess finished.

Epoch: 1,	Loss: 49758.4140625

Epoch: 50,	Loss: 35588.28515625

Epoch: 100,	Loss: 24625.626953125

Epoch: 150,	Loss: 17000.822265625

Epoch: 200,	Loss: 12178.83203125

Epoch: 250,	Loss: 9029.681640625

Epoch: 300,	Loss: 7138.3984375

Epoch: 350,	Loss: 6064.19677734375

Epoch: 400,	Loss: 5473.84423828125

Epoch: 450,	Loss: 5093.744140625

Epoch: 500,	Loss: 4899.54248046875

Epoch: 550,	Loss: 4741.03857421875

Epoch: 600,	Loss: 4647.5009765625

Epoch: 650,	Loss: 4578.80078125

Epoch: 700,	Loss: 4508.4921875

Epoch: 750,	Loss: 4449.166015625

Epoch: 800,	Loss: 4392.37646484375

Epoch: 850,	Loss: 4341.00244140625

Epoch: 900,	Loss: 4296.9482421875

Epoch: 950,	Loss: 4258.9423828125

Epoch: 1000,	Loss: 4231.0947265625

weights: Parameter containing:
tensor([-1.4104, -1.4104, -1.4104, -2.3139, -2.2091, -2.2091, -2.2182, -0.0633],
       device='cuda:0', requires_grad=True)


Best Epoch: 1000,	Loss: 4231.0947265625

train finished.
[[1697, 1649], [1658, 1645]]
混同行列 M: [[1697, 1649], [1658, 1645]]
	error rate: 0.50
	f1 score: 0.506


test finished.

time: 822.6788899898529 sec
