[16621, 31987]
vector dimension: 8

preprocess finished.

Epoch: 1,	Loss: 52574.140625

Epoch: 50,	Loss: 37663.80078125

Epoch: 100,	Loss: 26149.68359375

Epoch: 150,	Loss: 18050.8984375

Epoch: 200,	Loss: 12854.4921875

Epoch: 250,	Loss: 9486.6005859375

Epoch: 300,	Loss: 7479.4052734375

Epoch: 350,	Loss: 6261.7197265625

Epoch: 400,	Loss: 5550.84228515625

Epoch: 450,	Loss: 5065.6865234375

Epoch: 500,	Loss: 4732.2431640625

Epoch: 550,	Loss: 4503.29150390625

Epoch: 600,	Loss: 4363.02099609375

Epoch: 650,	Loss: 4254.12353515625

Epoch: 700,	Loss: 4177.4111328125

Epoch: 750,	Loss: 4094.247802734375

Epoch: 800,	Loss: 4025.895751953125

Epoch: 850,	Loss: 3974.24853515625

Epoch: 900,	Loss: 3914.039794921875

Epoch: 950,	Loss: 3864.855712890625

Epoch: 1000,	Loss: 3834.337890625

weights: Parameter containing:
tensor([-0.0454, -1.5828, -2.1436, -2.2950, -2.2351, -1.5828, -1.5828, -2.1436],
       device='cuda:0', requires_grad=True)


Best Epoch: 1000,	Loss: 3834.337890625

train finished.
[[1725, 1546], [1606, 1521]]
	error rate: 0.49
	f1 score: 0.523


test finished.

time: 804.4112498760223 sec
