[14450, 71559]
vector dimension: 8

preprocess finished.

Epoch: 1,	Loss: 77546.7734375

Epoch: 50,	Loss: 56223.6875

Epoch: 100,	Loss: 39326.55078125

Epoch: 150,	Loss: 27462.19140625

Epoch: 200,	Loss: 19725.7890625

Epoch: 250,	Loss: 14645.1142578125

Epoch: 300,	Loss: 11355.548828125

Epoch: 350,	Loss: 9319.625

Epoch: 400,	Loss: 8072.15576171875

Epoch: 450,	Loss: 7194.150390625

Epoch: 500,	Loss: 6602.0771484375

Epoch: 550,	Loss: 6178.90966796875

Epoch: 600,	Loss: 5873.2236328125

Epoch: 650,	Loss: 5680.099609375

Epoch: 700,	Loss: 5552.18212890625

Epoch: 750,	Loss: 5460.69580078125

Epoch: 800,	Loss: 5383.6162109375

Epoch: 850,	Loss: 5326.28125

Epoch: 900,	Loss: 5268.75341796875

Epoch: 950,	Loss: 5211.4619140625

Epoch: 1000,	Loss: 5156.66357421875

weights: Parameter containing:
tensor([-2.3369, -2.4696, -1.0340, -2.0238, -2.4791, -2.0238, -2.3369, -2.0238],
       device='cuda:2', requires_grad=True)


Best Epoch: 1000,	Loss: 5156.66357421875

train finished.
[[298, 2641], [1334, 10039]]
混同行列 M: [[298, 2641], [1334, 10039]]
	error rate: 0.28
	f1 score: 0.130


test finished.

time: 868.3581144809723 sec
4667720795 sec
