lambda=0.5
0th loop, 0.8371880054473877sec
2000th loop, 484.4978196620941sec
4000th loop, 898.9828062057495sec
6000th loop, 1242.7258896827698sec
8000th loop, 1513.5981245040894sec
10000th loop, 1711.834098815918sec
12000th loop, 1839.4165172576904sec
14000th loop, 1897.9439208507538sec
0th loop, 0.5273556709289551sec
2000th loop, 523.9152672290802sec
Confusion Matrix:
[[ 763   12]
 [   5 2910]]
              precision    recall  f1-score   support

           0       0.99      0.98      0.99       775
           1       1.00      1.00      1.00      2915

    accuracy                           1.00      3690
   macro avg       0.99      0.99      0.99      3690
weighted avg       1.00      1.00      1.00      3690

acc: 0.9953929539295393
error rate: 0.004607046070460696
time: 2881.420808315277sec
