lambda=(mu)=0.5
0th loop, 3.099571704864502sec
2000th loop, 790.5258283615112sec
4000th loop, 1518.0989861488342sec
6000th loop, 2192.9735159873962sec
8000th loop, 2801.9945244789124sec
10000th loop, 3351.987247467041sec
12000th loop, 3849.6152489185333sec
14000th loop, 4282.54998755455sec
16000th loop, 4653.637447118759sec
18000th loop, 4951.763917684555sec
20000th loop, 5184.732431173325sec
22000th loop, 5349.06987118721sec
24000th loop, 5446.053842782974sec
26000th loop, 5488.021760940552sec
0th loop, 0.7928133010864258sec
2000th loop, 818.2286655902863sec
4000th loop, 1637.3826599121094sec
6000th loop, 2469.4724934101105sec
Confusion Matrix:
[[2088 1199]
 [2429  933]]
              precision    recall  f1-score   support

           0       0.46      0.64      0.54      3287
           1       0.44      0.28      0.34      3362

    accuracy                           0.45      6649
   macro avg       0.45      0.46      0.44      6649
weighted avg       0.45      0.45      0.44      6649

acc: 0.45435403820123327
error rate: 0.5456459617987668
time: 8255.96020412445sec
