0th loop, 0.0024046897888183594sec
2000th loop, 709.0017178058624sec
4000th loop, 1365.1044867038727sec
6000th loop, 1966.315925836563sec
8000th loop, 2504.450031518936sec
10000th loop, 2998.6860671043396sec
12000th loop, 3435.9902086257935sec
14000th loop, 3814.138389825821sec
16000th loop, 4139.585787057877sec
18000th loop, 4524.973841667175sec
20000th loop, 4730.298771619797sec
22000th loop, 4868.782174348831sec
24000th loop, 4951.093904018402sec
26000th loop, 4986.815378665924sec
0th loop, 0.0005829334259033203sec
2000th loop, 743.8737394809723sec
4000th loop, 1481.765814781189sec
6000th loop, 2218.370517730713sec
Confusion Matrix:
[[2524  763]
 [ 318 3044]]
              precision    recall  f1-score   support

           0       0.89      0.77      0.82      3287
           1       0.80      0.91      0.85      3362

    accuracy                           0.84      6649
   macro avg       0.84      0.84      0.84      6649
weighted avg       0.84      0.84      0.84      6649

acc: 0.8374191607760566
error rate: 0.1625808392239434
time: 7479.177961349487sec
