lambda=0.5
0th loop, 1.3450565338134766sec
2000th loop, 799.7026917934418sec
4000th loop, 1516.2007644176483sec
6000th loop, 2165.0704147815704sec
8000th loop, 2738.7378947734833sec
10000th loop, 3240.585462808609sec
12000th loop, 3675.529408454895sec
14000th loop, 4036.209877729416sec
16000th loop, 4324.416880369186sec
18000th loop, 4539.7535943984985sec
20000th loop, 4682.092143535614sec
22000th loop, 4754.496912717819sec
0th loop, 3.4530012607574463sec
2000th loop, 828.6736941337585sec
4000th loop, 1662.3518569469452sec
Confusion Matrix:
[[1564 1324]
 [1782 1110]]
              precision    recall  f1-score   support

           0       0.47      0.54      0.50      2888
           1       0.46      0.38      0.42      2892

    accuracy                           0.46      5780
   macro avg       0.46      0.46      0.46      5780
weighted avg       0.46      0.46      0.46      5780

acc: 0.4626297577854671
error rate: 0.5373702422145329
time: 7195.238276958466sec
