lambda=0.5
0th loop, 2.8288753032684326sec
2000th loop, 795.7149288654327sec
4000th loop, 1513.5704109668732sec
6000th loop, 2179.423456430435sec
8000th loop, 2795.0883660316467sec
10000th loop, 3354.842648267746sec
12000th loop, 3865.9197165966034sec
14000th loop, 4320.928799629211sec
16000th loop, 4723.222322940826sec
18000th loop, 5070.419149875641sec
20000th loop, 5361.929711818695sec
22000th loop, 5601.285860538483sec
24000th loop, 5784.485189676285sec
26000th loop, 5912.237638473511sec
28000th loop, 5987.951713562012sec
0th loop, 0.8249328136444092sec
2000th loop, 804.6629054546356sec
4000th loop, 1614.9095168113708sec
6000th loop, 2425.6576693058014sec
Confusion Matrix:
[[4570   25]
 [  43 2854]]
              precision    recall  f1-score   support

           0       0.99      0.99      0.99      4595
           1       0.99      0.99      0.99      2897

    accuracy                           0.99      7492
   macro avg       0.99      0.99      0.99      7492
weighted avg       0.99      0.99      0.99      7492

acc: 0.990923651895355
error rate: 0.009076348104644971
time: 9073.304943323135sec
