lambda=0.5
0th loop, 3.181142807006836sec
2000th loop, 758.2943360805511sec
4000th loop, 1479.8862822055817sec
6000th loop, 2163.183039665222sec
8000th loop, 2805.2646033763885sec
10000th loop, 3389.9696362018585sec
12000th loop, 3941.363557100296sec
14000th loop, 4452.412266492844sec
16000th loop, 4919.740020751953sec
18000th loop, 5344.099492073059sec
20000th loop, 5717.32434129715sec
22000th loop, 6046.687473773956sec
24000th loop, 6333.906117677689sec
26000th loop, 6578.9781930446625sec
28000th loop, 6779.441068887711sec
30000th loop, 6936.13885974884sec
32000th loop, 7051.776045560837sec
34000th loop, 7127.135515213013sec
36000th loop, 7162.482285499573sec
0th loop, 0.7794983386993408sec
2000th loop, 781.3566377162933sec
4000th loop, 1564.4679913520813sec
6000th loop, 2356.769059419632sec
8000th loop, 3148.0022621154785sec
Confusion Matrix:
[[2652 1944]
 [3106 1502]]
              precision    recall  f1-score   support

           0       0.46      0.58      0.51      4596
           1       0.44      0.33      0.37      4608

    accuracy                           0.45      9204
   macro avg       0.45      0.45      0.44      9204
weighted avg       0.45      0.45      0.44      9204

acc: 0.45132551064754456
error rate: 0.5486744893524554
time: 10843.55503821373sec
