[16621, 31071]
vector dimension: 10256

preprocess finished.

Epoch: 1,	Loss: 149506.484375

Epoch: 50,	Loss: 109896.9140625

Epoch: 100,	Loss: 79033.5625

Epoch: 150,	Loss: 57404.5625

Epoch: 200,	Loss: 41625.265625

Epoch: 250,	Loss: 30494.0859375

Epoch: 300,	Loss: 22960.796875

Epoch: 350,	Loss: 17504.91015625

Epoch: 400,	Loss: 13595.603515625

Epoch: 450,	Loss: 10744.01953125

Epoch: 500,	Loss: 8724.42578125

Epoch: 550,	Loss: 7335.27685546875

Epoch: 600,	Loss: 6349.22216796875

Epoch: 650,	Loss: 5666.83447265625

Epoch: 700,	Loss: 5303.640625

Epoch: 750,	Loss: 5031.37109375

Epoch: 800,	Loss: 4831.90966796875

Epoch: 850,	Loss: 4642.68798828125

Epoch: 900,	Loss: 4558.1142578125

Epoch: 950,	Loss: 4521.20556640625

Epoch: 1000,	Loss: 4508.77783203125

weights: Parameter containing:
tensor([-2.6891e+00, -2.7735e+00, -1.6231e-21,  ..., -1.6231e-21,
        -2.6451e+00, -2.5679e+00], device='cuda:1', requires_grad=True)


Best Epoch: 987,	Loss: 4506.798828125

train finished.
[[2545, 604], [681, 2385]]
混同行列 M: [[2545, 604], [681, 2385]]
	error rate: 0.21
	f1 score: 0.798


test finished.

time: 2032.5730292797089 sec
