[16621, 39631]
vector dimension: 11178

preprocess finished.

Epoch: 1,	Loss: 110866.984375

Epoch: 50,	Loss: 80904.921875

Epoch: 100,	Loss: 58107.83203125

Epoch: 150,	Loss: 41143.265625

Epoch: 200,	Loss: 29703.703125

Epoch: 250,	Loss: 21972.08203125

Epoch: 300,	Loss: 16525.470703125

Epoch: 350,	Loss: 12767.6259765625

Epoch: 400,	Loss: 10237.400390625

Epoch: 450,	Loss: 8357.279296875

Epoch: 500,	Loss: 7147.08154296875

Epoch: 550,	Loss: 6392.5888671875

Epoch: 600,	Loss: 5773.92431640625

Epoch: 650,	Loss: 5426.22998046875

Epoch: 700,	Loss: 5208.208984375

Epoch: 750,	Loss: 4985.28564453125

Epoch: 800,	Loss: 4822.595703125

Epoch: 850,	Loss: 4766.32568359375

Epoch: 900,	Loss: 4684.263671875

Epoch: 950,	Loss: 4625.7353515625

Epoch: 1000,	Loss: 4560.9375

weights: Parameter containing:
tensor([-1.6231e-21, -1.6231e-21, -1.6231e-21,  ..., -1.6231e-21,
        -1.6231e-21, -1.6231e-21], device='cuda:1', requires_grad=True)


Best Epoch: 1000,	Loss: 4560.9375

train finished.
[[2632, 574], [254, 4467]]
混同行列 M: [[2632, 574], [254, 4467]]
	error rate: 0.10
	f1 score: 0.864


test finished.

time: 2113.0146374702454 sec
