[16621, 22053]
vector dimension: 7972

preprocess finished.

Epoch: 1,	Loss: 110094.7578125

Epoch: 50,	Loss: 80385.5390625

Epoch: 100,	Loss: 57352.75

Epoch: 150,	Loss: 40777.2734375

Epoch: 200,	Loss: 29324.185546875

Epoch: 250,	Loss: 21199.541015625

Epoch: 300,	Loss: 15913.4169921875

Epoch: 350,	Loss: 12366.49609375

Epoch: 400,	Loss: 9860.0703125

Epoch: 450,	Loss: 8159.2236328125

Epoch: 500,	Loss: 7009.11083984375

Epoch: 550,	Loss: 6136.91259765625

Epoch: 600,	Loss: 5568.43408203125

Epoch: 650,	Loss: 5122.00927734375

Epoch: 700,	Loss: 4763.27001953125

Epoch: 750,	Loss: 4501.7802734375

Epoch: 800,	Loss: 4239.17431640625

Epoch: 850,	Loss: 4028.423828125

Epoch: 900,	Loss: 3886.72314453125

Epoch: 950,	Loss: 3777.945556640625

Epoch: 1000,	Loss: 3663.904052734375

weights: Parameter containing:
tensor([-1.6231e-21, -1.6231e-21, -2.9625e+00,  ..., -1.6231e-21,
        -1.6231e-21, -1.6231e-21], device='cuda:1', requires_grad=True)


Best Epoch: 1000,	Loss: 3663.904052734375

train finished.
[[3129, 144], [393, 745]]
混同行列 M: [[3129, 144], [393, 745]]
	error rate: 0.12
	f1 score: 0.921


test finished.

time: 810.3098866939545 sec
