[16621, 33242]
vector dimension: 7709

preprocess finished.

Epoch: 1,	Loss: 116013.3828125

Epoch: 50,	Loss: 84830.6484375

Epoch: 100,	Loss: 60797.3984375

Epoch: 150,	Loss: 43810.03515625

Epoch: 200,	Loss: 31793.654296875

Epoch: 250,	Loss: 23523.90234375

Epoch: 300,	Loss: 17806.927734375

Epoch: 350,	Loss: 13874.794921875

Epoch: 400,	Loss: 11105.927734375

Epoch: 450,	Loss: 9224.3046875

Epoch: 500,	Loss: 7852.52392578125

Epoch: 550,	Loss: 6864.0517578125

Epoch: 600,	Loss: 6217.07470703125

Epoch: 650,	Loss: 5744.11572265625

Epoch: 700,	Loss: 5363.22900390625

Epoch: 750,	Loss: 5096.60986328125

Epoch: 800,	Loss: 4900.58154296875

Epoch: 850,	Loss: 4712.29638671875

Epoch: 900,	Loss: 4583.4833984375

Epoch: 950,	Loss: 4501.73486328125

Epoch: 1000,	Loss: 4429.91357421875

weights: Parameter containing:
tensor([-1.6231e-21, -3.1877e+00, -3.3161e+00,  ..., -1.6231e-21,
        -1.6231e-21, -1.6231e-21], device='cuda:1', requires_grad=True)


Best Epoch: 1000,	Loss: 4429.91357421875

train finished.
[[936, 2335], [943, 2435]]
混同行列 M: [[936, 2335], [943, 2435]]
	error rate: 0.49
	f1 score: 0.363


test finished.

time: 912.3410744667053 sec
