[14450, 28900]
vector dimension: 7127

preprocess finished.

Epoch: 1,	Loss: 166095.125

Epoch: 50,	Loss: 122328.578125

Epoch: 100,	Loss: 87944.6484375

Epoch: 150,	Loss: 63216.125

Epoch: 200,	Loss: 45972.37109375

Epoch: 250,	Loss: 34041.97265625

Epoch: 300,	Loss: 25641.306640625

Epoch: 350,	Loss: 19662.72265625

Epoch: 400,	Loss: 15116.97265625

Epoch: 450,	Loss: 11802.67578125

Epoch: 500,	Loss: 9355.7294921875

Epoch: 550,	Loss: 7625.24365234375

Epoch: 600,	Loss: 6402.5205078125

Epoch: 650,	Loss: 5600.91748046875

Epoch: 700,	Loss: 5088.97314453125

Epoch: 750,	Loss: 4704.13623046875

Epoch: 800,	Loss: 4464.2509765625

Epoch: 850,	Loss: 4322.7255859375

Epoch: 900,	Loss: 4233.23779296875

Epoch: 950,	Loss: 4192.96142578125

Epoch: 1000,	Loss: 4149.16455078125

weights: Parameter containing:
tensor([-2.6914e+00, -2.7597e+00, -3.3085e+00,  ..., -1.6231e-21,
        -1.6231e-21, -1.6231e-21], device='cuda:1', requires_grad=True)


Best Epoch: 1000,	Loss: 4149.16455078125

train finished.
[[643, 2278], [676, 2183]]
混同行列 M: [[643, 2278], [676, 2183]]
	error rate: 0.51
	f1 score: 0.303


test finished.

time: 1850.8340928554535 sec
