[1000, 2000]
vector dimension: 3286

preprocess finished.

Epoch: 1,	Loss: 50398.32421875

Epoch: 50,	Loss: 37026.8515625

Epoch: 100,	Loss: 26696.0546875

Epoch: 150,	Loss: 19259.908203125

Epoch: 200,	Loss: 13937.296875

Epoch: 250,	Loss: 10257.6982421875

Epoch: 300,	Loss: 7646.5087890625

Epoch: 350,	Loss: 5746.48974609375

Epoch: 400,	Loss: 4334.1455078125

Epoch: 450,	Loss: 3302.1435546875

Epoch: 500,	Loss: 2550.635498046875

Epoch: 550,	Loss: 1999.8173828125

Epoch: 600,	Loss: 1628.766357421875

Epoch: 650,	Loss: 1409.1136474609375

Epoch: 700,	Loss: 1272.8076171875

Epoch: 750,	Loss: 1197.068603515625

Epoch: 800,	Loss: 1152.6575927734375

Epoch: 850,	Loss: 1129.5257568359375

Epoch: 900,	Loss: 1123.2520751953125

Epoch: 950,	Loss: 1120.3187255859375

Epoch: 1000,	Loss: 1112.8277587890625

weights: Parameter containing:
tensor([-2.4422e+00, -3.3783e+00, -3.1392e+00,  ..., -1.6836e+00,
        -1.6231e-21, -2.8446e+00], device='cuda:2', requires_grad=True)


Best Epoch: 1000,	Loss: 1112.8277587890625

train finished.
[[107, 70], [102, 121]]
混同行列 M: [[107, 70], [102, 121]]
	error rate: 0.43
	f1 score: 0.554


test finished.

time: 1126.565973520279 sec
