[1000, 2000]
vector dimension: 3323

preprocess finished.

Epoch: 1,	Loss: 53558.12109375

Epoch: 50,	Loss: 39386.5859375

Epoch: 100,	Loss: 28220.435546875

Epoch: 150,	Loss: 20209.296875

Epoch: 200,	Loss: 14647.669921875

Epoch: 250,	Loss: 10781.380859375

Epoch: 300,	Loss: 8043.81201171875

Epoch: 350,	Loss: 6065.36865234375

Epoch: 400,	Loss: 4565.6337890625

Epoch: 450,	Loss: 3503.328125

Epoch: 500,	Loss: 2720.70458984375

Epoch: 550,	Loss: 2170.059814453125

Epoch: 600,	Loss: 1778.7806396484375

Epoch: 650,	Loss: 1538.0633544921875

Epoch: 700,	Loss: 1381.71533203125

Epoch: 750,	Loss: 1293.071044921875

Epoch: 800,	Loss: 1250.16650390625

Epoch: 850,	Loss: 1209.703857421875

Epoch: 900,	Loss: 1178.75927734375

Epoch: 950,	Loss: 1177.749755859375

Epoch: 1000,	Loss: 1180.99267578125

weights: Parameter containing:
tensor([-2.0059e+00, -2.9649e+00, -3.1722e+00,  ..., -2.6685e+00,
        -3.3350e+00, -1.6231e-21], device='cuda:2', requires_grad=True)


Best Epoch: 920,	Loss: 1175.6158447265625

train finished.
[[112, 60], [96, 132]]
混同行列 M: [[112, 60], [96, 132]]
	error rate: 0.39
	f1 score: 0.589


test finished.

time: 1067.412531375885 sec
