[1000, 2000]
vector dimension: 2191

preprocess finished.

Epoch: 1,	Loss: 57040.6953125

Epoch: 50,	Loss: 42014.9453125

Epoch: 100,	Loss: 30177.767578125

Epoch: 150,	Loss: 21604.615234375

Epoch: 200,	Loss: 15673.0361328125

Epoch: 250,	Loss: 11564.5966796875

Epoch: 300,	Loss: 8600.4208984375

Epoch: 350,	Loss: 6456.974609375

Epoch: 400,	Loss: 4886.13330078125

Epoch: 450,	Loss: 3707.492431640625

Epoch: 500,	Loss: 2831.60986328125

Epoch: 550,	Loss: 2178.013916015625

Epoch: 600,	Loss: 1735.9842529296875

Epoch: 650,	Loss: 1452.7235107421875

Epoch: 700,	Loss: 1279.859619140625

Epoch: 750,	Loss: 1178.6556396484375

Epoch: 800,	Loss: 1117.2183837890625

Epoch: 850,	Loss: 1075.9488525390625

Epoch: 900,	Loss: 1055.1744384765625

Epoch: 950,	Loss: 1032.572021484375

Epoch: 1000,	Loss: 1014.3821411132812

weights: Parameter containing:
tensor([-3.0403, -2.8455, -2.9014,  ..., -3.0306, -2.1845, -2.0894],
       device='cuda:2', requires_grad=True)


Best Epoch: 1000,	Loss: 1014.3821411132812

train finished.
[[152, 31], [172, 45]]
混同行列 M: [[152, 31], [172, 45]]
	error rate: 0.51
	f1 score: 0.600


test finished.

time: 1009.648220539093 sec
